<?xml version="1.0" encoding="UTF-8"?>
<testng-results ignored="1" total="2" passed="1" failed="0" skipped="0">
  <reporter-output>
  </reporter-output>
  <suite started-at="2022-09-15T09:10:41 IST" name="Default suite" finished-at="2022-09-15T09:10:41 IST" duration-ms="38">
    <groups>
    </groups>
    <test started-at="2022-09-15T09:10:41 IST" name="Default test" finished-at="2022-09-15T09:10:41 IST" duration-ms="38">
      <class name="practice.AddToCartTest">
        <test-method signature="removeFromCartTest()[pri:0, instance:practice.AddToCartTest@51dcb805]" started-at="2022-09-15T09:10:41 IST" name="removeFromCartTest" finished-at="2022-09-15T09:10:41 IST" duration-ms="10" status="PASS">
          <reporter-output>
          </reporter-output>
        </test-method> <!-- removeFromCartTest -->
      </class> <!-- practice.AddToCartTest -->
    </test> <!-- Default test -->
  </suite> <!-- Default suite -->
</testng-results>
