<?xml version="1.0" encoding="UTF-8"?>
<testng-results ignored="0" total="1" passed="1" failed="0" skipped="0">
  <reporter-output>
  </reporter-output>
  <suite started-at="2022-09-15T08:27:07 IST" name="Default suite" finished-at="2022-09-15T08:27:07 IST" duration-ms="40">
    <groups>
    </groups>
    <test started-at="2022-09-15T08:27:07 IST" name="Default test" finished-at="2022-09-15T08:27:07 IST" duration-ms="40">
      <class name="practice.AddToCartTest">
        <test-method signature="addToCartTest()[pri:0, instance:practice.AddToCartTest@e7edb54]" started-at="2022-09-15T08:27:07 IST" name="addToCartTest" finished-at="2022-09-15T08:27:07 IST" duration-ms="10" status="PASS">
          <reporter-output>
          </reporter-output>
        </test-method> <!-- addToCartTest -->
      </class> <!-- practice.AddToCartTest -->
    </test> <!-- Default test -->
  </suite> <!-- Default suite -->
</testng-results>
